<?xml version="1.0" encoding="UTF-8"?>
<testng-results total="1" passed="1" failed="0" skipped="0">
  <reporter-output>
  </reporter-output>
  <suite started-at="2024-08-27T11:47:16Z" name="MyArtifactSuite" finished-at="2024-08-27T11:47:16Z" duration-ms="97">
    <groups>
    </groups>
    <test started-at="2024-08-27T11:47:16Z" name="AllSuites" finished-at="2024-08-27T11:47:16Z" duration-ms="97">
      <class name="org.example.pages.FactorialTestNGTest">
        <test-method signature="testGetFactorial()[pri:0, instance:org.example.pages.FactorialTestNGTest@619713e5]" started-at="2024-08-27T14:47:16Z" name="testGetFactorial" finished-at="2024-08-27T14:47:16Z" duration-ms="47" status="PASS">
          <reporter-output>
          </reporter-output>
        </test-method> <!-- testGetFactorial -->
      </class> <!-- org.example.pages.FactorialTestNGTest -->
    </test> <!-- AllSuites -->
  </suite> <!-- MyArtifactSuite -->
</testng-results>
